[2026-01-15 15:59:15.000000] ERROR: API路径不存在 {"status_code":404,"error_code":"NOT_FOUND","details":null,"request_id":"20601d9014f92305","client_ip":"::1","user_agent":"Mozilla\/5.0 (Windows NT; Windows NT 10.0; zh-CN) WindowsPowerShell\/5.1.26100.7462"}
[2026-01-16 17:19:38.000000] ERROR: API路径不存在 {"status_code":404,"error_code":"NOT_FOUND","details":null,"request_id":"c1c8d00fc64b6513","client_ip":"::1","user_agent":"python-requests\/2.32.5"}
[2026-01-16 17:19:48.000000] ERROR: API路径不存在 {"status_code":404,"error_code":"NOT_FOUND","details":null,"request_id":"23f01e6e1c31fbe2","client_ip":"::1","user_agent":"python-requests\/2.32.5"}
[2026-01-16 17:19:58.000000] ERROR: API路径不存在 {"status_code":404,"error_code":"NOT_FOUND","details":null,"request_id":"bc617a918ca39d65","client_ip":"::1","user_agent":"python-requests\/2.32.5"}
[2026-01-16 17:20:08.000000] ERROR: API路径不存在 {"status_code":404,"error_code":"NOT_FOUND","details":null,"request_id":"ba78bb46134293b3","client_ip":"::1","user_agent":"python-requests\/2.32.5"}
[2026-01-16 17:20:19.000000] ERROR: API路径不存在 {"status_code":404,"error_code":"NOT_FOUND","details":null,"request_id":"22e43f9ca46e3678","client_ip":"::1","user_agent":"python-requests\/2.32.5"}
[2026-01-16 17:20:29.000000] ERROR: API路径不存在 {"status_code":404,"error_code":"NOT_FOUND","details":null,"request_id":"0e9d5ecc6dd7bef4","client_ip":"::1","user_agent":"python-requests\/2.32.5"}
[2026-01-16 17:20:39.000000] ERROR: API路径不存在 {"status_code":404,"error_code":"NOT_FOUND","details":null,"request_id":"304e44dfcf10eebb","client_ip":"::1","user_agent":"python-requests\/2.32.5"}
[2026-01-16 17:20:49.000000] ERROR: API路径不存在 {"status_code":404,"error_code":"NOT_FOUND","details":null,"request_id":"4c3cca20b232a76c","client_ip":"::1","user_agent":"python-requests\/2.32.5"}
[2026-01-16 17:20:59.000000] ERROR: API路径不存在 {"status_code":404,"error_code":"NOT_FOUND","details":null,"request_id":"dc8aaad7aa9bb768","client_ip":"::1","user_agent":"python-requests\/2.32.5"}
[2026-01-16 17:21:09.000000] ERROR: API路径不存在 {"status_code":404,"error_code":"NOT_FOUND","details":null,"request_id":"8fcd3e37056c6eb9","client_ip":"::1","user_agent":"python-requests\/2.32.5"}
[2026-01-16 17:22:10.000000] ERROR: API路径不存在 {"status_code":404,"error_code":"NOT_FOUND","details":null,"request_id":"7e3901ecd21616aa","client_ip":"::1","user_agent":"python-requests\/2.32.5"}
[2026-01-16 17:22:12.000000] ERROR: API路径不存在 {"status_code":404,"error_code":"NOT_FOUND","details":null,"request_id":"19aede8238f92b1f","client_ip":"::1","user_agent":"python-requests\/2.32.5"}
[2026-01-16 17:22:23.000000] ERROR: API路径不存在 {"status_code":404,"error_code":"NOT_FOUND","details":null,"request_id":"b0a49de8edc7b155","client_ip":"::1","user_agent":"python-requests\/2.32.5"}
[2026-01-16 17:22:33.000000] ERROR: API路径不存在 {"status_code":404,"error_code":"NOT_FOUND","details":null,"request_id":"3fc6c3330e189c14","client_ip":"::1","user_agent":"python-requests\/2.32.5"}
[2026-01-16 17:22:43.000000] ERROR: API路径不存在 {"status_code":404,"error_code":"NOT_FOUND","details":null,"request_id":"58fd09a5da866ee1","client_ip":"::1","user_agent":"python-requests\/2.32.5"}
[2026-01-16 17:22:51.000000] ERROR: API路径不存在 {"status_code":404,"error_code":"NOT_FOUND","details":null,"request_id":"31936d613b02d4ff","client_ip":"::1","user_agent":"Mozilla\/5.0 (Windows NT 10.0; Win64; x64) AppleWebKit\/537.36 (KHTML, like Gecko) TraeCN\/1.104.3 Chrome\/138.0.7204.251 Electron\/37.6.1 Safari\/537.36"}
[2026-01-16 17:22:53.000000] ERROR: API路径不存在 {"status_code":404,"error_code":"NOT_FOUND","details":null,"request_id":"268c5de09ca9edf6","client_ip":"::1","user_agent":"python-requests\/2.32.5"}
[2026-01-16 17:23:03.000000] ERROR: API路径不存在 {"status_code":404,"error_code":"NOT_FOUND","details":null,"request_id":"a8322007be845bbe","client_ip":"::1","user_agent":"python-requests\/2.32.5"}
[2026-01-16 17:23:03.000000] ERROR: 数据库操作失败: Unable to prepare statement: 1, no such column: two_factor_enabled {"status_code":401,"error_code":"ERROR","details":null,"request_id":"85ff5bcbd2d724c8","client_ip":"::1","user_agent":"Mozilla\/5.0 (Windows NT 10.0; Win64; x64) AppleWebKit\/537.36 (KHTML, like Gecko) TraeCN\/1.104.3 Chrome\/138.0.7204.251 Electron\/37.6.1 Safari\/537.36"}
[2026-01-16 17:23:13.000000] ERROR: API路径不存在 {"status_code":404,"error_code":"NOT_FOUND","details":null,"request_id":"b8dd4d0fc782bbc8","client_ip":"::1","user_agent":"python-requests\/2.32.5"}
[2026-01-16 17:23:13.000000] ERROR: 数据库操作失败: Unable to prepare statement: 1, no such column: two_factor_enabled {"status_code":401,"error_code":"ERROR","details":null,"request_id":"5fc213e0034268d5","client_ip":"::1","user_agent":"Mozilla\/5.0 (Windows NT 10.0; Win64; x64) AppleWebKit\/537.36 (KHTML, like Gecko) TraeCN\/1.104.3 Chrome\/138.0.7204.251 Electron\/37.6.1 Safari\/537.36"}
[2026-01-16 17:23:20.000000] ERROR: API路径不存在 {"status_code":404,"error_code":"NOT_FOUND","details":null,"request_id":"d01d6e13a777e381","client_ip":"::1","user_agent":"Mozilla\/5.0 (Windows NT 10.0; Win64; x64) AppleWebKit\/537.36 (KHTML, like Gecko) TraeCN\/1.104.3 Chrome\/138.0.7204.251 Electron\/37.6.1 Safari\/537.36"}
[2026-01-16 17:23:23.000000] ERROR: API路径不存在 {"status_code":404,"error_code":"NOT_FOUND","details":null,"request_id":"18c292687ab39776","client_ip":"::1","user_agent":"python-requests\/2.32.5"}
[2026-01-16 17:23:33.000000] ERROR: API路径不存在 {"status_code":404,"error_code":"NOT_FOUND","details":null,"request_id":"75ea7e9c50aea022","client_ip":"::1","user_agent":"python-requests\/2.32.5"}
[2026-01-16 17:23:37.000000] ERROR: 用户名或邮箱已存在 {"status_code":400,"error_code":"ERROR","details":null,"request_id":"208f78bf70ec1ab8","client_ip":"::1","user_agent":"Mozilla\/5.0 (Windows NT 10.0; Win64; x64) AppleWebKit\/537.36 (KHTML, like Gecko) TraeCN\/1.104.3 Chrome\/138.0.7204.251 Electron\/37.6.1 Safari\/537.36"}
[2026-01-16 17:23:42.000000] ERROR: API路径不存在 {"status_code":404,"error_code":"NOT_FOUND","details":null,"request_id":"feec914272cf64bd","client_ip":"::1","user_agent":"Mozilla\/5.0 (Windows NT 10.0; Win64; x64) AppleWebKit\/537.36 (KHTML, like Gecko) TraeCN\/1.104.3 Chrome\/138.0.7204.251 Electron\/37.6.1 Safari\/537.36"}
[2026-01-16 17:23:43.000000] ERROR: API路径不存在 {"status_code":404,"error_code":"NOT_FOUND","details":null,"request_id":"fa0092b5801ef56c","client_ip":"::1","user_agent":"python-requests\/2.32.5"}
[2026-01-16 17:23:53.000000] ERROR: API路径不存在 {"status_code":404,"error_code":"NOT_FOUND","details":null,"request_id":"b7aeed6448d63eb6","client_ip":"::1","user_agent":"python-requests\/2.32.5"}
[2026-01-16 17:23:54.000000] ERROR: 数据库操作失败: Unable to prepare statement: 1, no such column: two_factor_enabled {"status_code":401,"error_code":"ERROR","details":null,"request_id":"2718095a1b4322a3","client_ip":"::1","user_agent":"Mozilla\/5.0 (Windows NT 10.0; Win64; x64) AppleWebKit\/537.36 (KHTML, like Gecko) TraeCN\/1.104.3 Chrome\/138.0.7204.251 Electron\/37.6.1 Safari\/537.36"}
[2026-01-16 17:24:04.000000] ERROR: API路径不存在 {"status_code":404,"error_code":"NOT_FOUND","details":null,"request_id":"cd300f518d4bcf07","client_ip":"::1","user_agent":"python-requests\/2.32.5"}
[2026-01-16 17:24:14.000000] ERROR: API路径不存在 {"status_code":404,"error_code":"NOT_FOUND","details":null,"request_id":"e1d440c9ede13daa","client_ip":"::1","user_agent":"python-requests\/2.32.5"}
[2026-01-16 17:24:24.000000] ERROR: API路径不存在 {"status_code":404,"error_code":"NOT_FOUND","details":null,"request_id":"d3f17f330bd99344","client_ip":"::1","user_agent":"python-requests\/2.32.5"}
[2026-01-16 17:24:34.000000] ERROR: API路径不存在 {"status_code":404,"error_code":"NOT_FOUND","details":null,"request_id":"900650b0b71a956a","client_ip":"::1","user_agent":"python-requests\/2.32.5"}
[2026-01-16 17:24:44.000000] ERROR: API路径不存在 {"status_code":404,"error_code":"NOT_FOUND","details":null,"request_id":"cdfa2a5c9d6a1f94","client_ip":"::1","user_agent":"python-requests\/2.32.5"}
[2026-01-16 17:24:54.000000] ERROR: API路径不存在 {"status_code":404,"error_code":"NOT_FOUND","details":null,"request_id":"899559744e53702d","client_ip":"::1","user_agent":"python-requests\/2.32.5"}
[2026-01-16 17:25:04.000000] ERROR: API路径不存在 {"status_code":404,"error_code":"NOT_FOUND","details":null,"request_id":"941f1c7da23d7201","client_ip":"::1","user_agent":"python-requests\/2.32.5"}
[2026-01-16 17:25:14.000000] ERROR: API路径不存在 {"status_code":404,"error_code":"NOT_FOUND","details":null,"request_id":"2a23d9645d484c3b","client_ip":"::1","user_agent":"python-requests\/2.32.5"}
[2026-01-16 17:25:24.000000] ERROR: API路径不存在 {"status_code":404,"error_code":"NOT_FOUND","details":null,"request_id":"d95cab5dfcb93ea5","client_ip":"::1","user_agent":"python-requests\/2.32.5"}
[2026-01-16 17:25:34.000000] ERROR: API路径不存在 {"status_code":404,"error_code":"NOT_FOUND","details":null,"request_id":"90e0a70e17358a3a","client_ip":"::1","user_agent":"python-requests\/2.32.5"}
[2026-01-16 17:25:45.000000] ERROR: API路径不存在 {"status_code":404,"error_code":"NOT_FOUND","details":null,"request_id":"60f1b07f27adca58","client_ip":"::1","user_agent":"python-requests\/2.32.5"}
[2026-01-16 17:25:55.000000] ERROR: API路径不存在 {"status_code":404,"error_code":"NOT_FOUND","details":null,"request_id":"273460daad220804","client_ip":"::1","user_agent":"python-requests\/2.32.5"}
[2026-01-16 17:26:05.000000] ERROR: API路径不存在 {"status_code":404,"error_code":"NOT_FOUND","details":null,"request_id":"71cb12fe9f7d4eb5","client_ip":"::1","user_agent":"python-requests\/2.32.5"}
[2026-01-16 17:26:15.000000] ERROR: API路径不存在 {"status_code":404,"error_code":"NOT_FOUND","details":null,"request_id":"c437b12190863003","client_ip":"::1","user_agent":"python-requests\/2.32.5"}
[2026-01-16 17:26:25.000000] ERROR: API路径不存在 {"status_code":404,"error_code":"NOT_FOUND","details":null,"request_id":"90bd20a7cfb3f9f1","client_ip":"::1","user_agent":"python-requests\/2.32.5"}
[2026-01-16 17:26:29.000000] ERROR: 用户名或密码错误 {"status_code":401,"error_code":"ERROR","details":null,"request_id":"e8ee007385111ec3","client_ip":"::1","user_agent":"Mozilla\/5.0 (Windows NT 10.0; Win64; x64) AppleWebKit\/537.36 (KHTML, like Gecko) TraeCN\/1.104.3 Chrome\/138.0.7204.251 Electron\/37.6.1 Safari\/537.36"}
[2026-01-16 17:26:32.000000] ERROR: 用户名或密码错误 {"status_code":401,"error_code":"ERROR","details":null,"request_id":"2ff3e8b709f1f66e","client_ip":"::1","user_agent":"Mozilla\/5.0 (Windows NT 10.0; Win64; x64) AppleWebKit\/537.36 (KHTML, like Gecko) TraeCN\/1.104.3 Chrome\/138.0.7204.251 Electron\/37.6.1 Safari\/537.36"}
[2026-01-16 17:26:35.000000] ERROR: API路径不存在 {"status_code":404,"error_code":"NOT_FOUND","details":null,"request_id":"807582b9b5f6bd42","client_ip":"::1","user_agent":"python-requests\/2.32.5"}
[2026-01-16 17:26:39.000000] ERROR: API路径不存在 {"status_code":404,"error_code":"NOT_FOUND","details":null,"request_id":"f49ea3e51dc856bb","client_ip":"::1","user_agent":"Mozilla\/5.0 (Windows NT 10.0; Win64; x64) AppleWebKit\/537.36 (KHTML, like Gecko) TraeCN\/1.104.3 Chrome\/138.0.7204.251 Electron\/37.6.1 Safari\/537.36"}
[2026-01-16 17:26:45.000000] ERROR: API路径不存在 {"status_code":404,"error_code":"NOT_FOUND","details":null,"request_id":"2c103e6c77d014fe","client_ip":"::1","user_agent":"python-requests\/2.32.5"}
[2026-01-16 17:26:55.000000] ERROR: API路径不存在 {"status_code":404,"error_code":"NOT_FOUND","details":null,"request_id":"19bc2e1d90dd0453","client_ip":"::1","user_agent":"Mozilla\/5.0 (Windows NT 10.0; Win64; x64) AppleWebKit\/537.36 (KHTML, like Gecko) TraeCN\/1.104.3 Chrome\/138.0.7204.251 Electron\/37.6.1 Safari\/537.36"}
[2026-01-16 17:26:55.000000] ERROR: API路径不存在 {"status_code":404,"error_code":"NOT_FOUND","details":null,"request_id":"50389ffb2867ab48","client_ip":"::1","user_agent":"python-requests\/2.32.5"}
[2026-01-16 17:27:05.000000] ERROR: API路径不存在 {"status_code":404,"error_code":"NOT_FOUND","details":null,"request_id":"53486e8ea1fef2df","client_ip":"::1","user_agent":"python-requests\/2.32.5"}
[2026-01-16 17:27:15.000000] ERROR: API路径不存在 {"status_code":404,"error_code":"NOT_FOUND","details":null,"request_id":"133e0c8e0e4d0249","client_ip":"::1","user_agent":"python-requests\/2.32.5"}
[2026-01-16 17:27:26.000000] ERROR: API路径不存在 {"status_code":404,"error_code":"NOT_FOUND","details":null,"request_id":"95588de58724595d","client_ip":"::1","user_agent":"python-requests\/2.32.5"}
[2026-01-16 17:27:36.000000] ERROR: API路径不存在 {"status_code":404,"error_code":"NOT_FOUND","details":null,"request_id":"3f07c98e82c7935b","client_ip":"::1","user_agent":"python-requests\/2.32.5"}
[2026-01-16 17:27:46.000000] ERROR: API路径不存在 {"status_code":404,"error_code":"NOT_FOUND","details":null,"request_id":"c509db090c174948","client_ip":"::1","user_agent":"python-requests\/2.32.5"}
[2026-01-16 17:27:47.000000] ERROR: API路径不存在 {"status_code":404,"error_code":"NOT_FOUND","details":null,"request_id":"7b85c7c426c3eaff","client_ip":"::1","user_agent":"python-requests\/2.32.5"}
[2026-01-16 17:27:56.000000] ERROR: API路径不存在 {"status_code":404,"error_code":"NOT_FOUND","details":null,"request_id":"a3a7703ea73c45a8","client_ip":"::1","user_agent":"python-requests\/2.32.5"}
[2026-01-16 17:27:56.000000] ERROR: API路径不存在 {"status_code":404,"error_code":"NOT_FOUND","details":null,"request_id":"5044ddd51b23609c","client_ip":"::1","user_agent":"python-requests\/2.32.5"}
[2026-01-16 17:27:58.000000] ERROR: API路径不存在 {"status_code":404,"error_code":"NOT_FOUND","details":null,"request_id":"d2491ecd8a7b3047","client_ip":"::1","user_agent":"python-requests\/2.32.5"}
[2026-01-16 17:28:08.000000] ERROR: API路径不存在 {"status_code":404,"error_code":"NOT_FOUND","details":null,"request_id":"8162904d7dd19154","client_ip":"::1","user_agent":"python-requests\/2.32.5"}
[2026-01-16 17:28:18.000000] ERROR: API路径不存在 {"status_code":404,"error_code":"NOT_FOUND","details":null,"request_id":"39efe67fbc85f4d4","client_ip":"::1","user_agent":"python-requests\/2.32.5"}
[2026-01-16 17:28:28.000000] ERROR: API路径不存在 {"status_code":404,"error_code":"NOT_FOUND","details":null,"request_id":"94e42b39a2339852","client_ip":"::1","user_agent":"python-requests\/2.32.5"}
[2026-01-16 17:28:38.000000] ERROR: API路径不存在 {"status_code":404,"error_code":"NOT_FOUND","details":null,"request_id":"1cf00e0a9a890164","client_ip":"::1","user_agent":"python-requests\/2.32.5"}
[2026-01-16 17:28:48.000000] ERROR: API路径不存在 {"status_code":404,"error_code":"NOT_FOUND","details":null,"request_id":"fc41c626f6895e47","client_ip":"::1","user_agent":"python-requests\/2.32.5"}
[2026-01-16 17:28:53.000000] ERROR: API路径不存在 {"status_code":404,"error_code":"NOT_FOUND","details":null,"request_id":"d2b9b52f3dc66cd5","client_ip":"::1","user_agent":"Mozilla\/5.0 (Windows NT 10.0; Win64; x64) AppleWebKit\/537.36 (KHTML, like Gecko) TraeCN\/1.104.3 Chrome\/138.0.7204.251 Electron\/37.6.1 Safari\/537.36"}
[2026-01-16 17:28:58.000000] ERROR: API路径不存在 {"status_code":404,"error_code":"NOT_FOUND","details":null,"request_id":"b0f9deb7c43f6fe2","client_ip":"::1","user_agent":"python-requests\/2.32.5"}
[2026-01-16 17:29:08.000000] ERROR: API路径不存在 {"status_code":404,"error_code":"NOT_FOUND","details":null,"request_id":"758f7922beeaa18f","client_ip":"::1","user_agent":"python-requests\/2.32.5"}
[2026-01-16 17:29:19.000000] ERROR: API路径不存在 {"status_code":404,"error_code":"NOT_FOUND","details":null,"request_id":"b4714b3c8267bc0d","client_ip":"::1","user_agent":"python-requests\/2.32.5"}
[2026-01-16 17:29:29.000000] ERROR: API路径不存在 {"status_code":404,"error_code":"NOT_FOUND","details":null,"request_id":"4af0f509773d0115","client_ip":"::1","user_agent":"python-requests\/2.32.5"}
[2026-01-16 17:29:39.000000] ERROR: API路径不存在 {"status_code":404,"error_code":"NOT_FOUND","details":null,"request_id":"761e9e458c2dd812","client_ip":"::1","user_agent":"python-requests\/2.32.5"}
[2026-01-16 17:29:49.000000] ERROR: API路径不存在 {"status_code":404,"error_code":"NOT_FOUND","details":null,"request_id":"527ae6f1de208d37","client_ip":"::1","user_agent":"python-requests\/2.32.5"}
[2026-01-16 17:29:59.000000] ERROR: API路径不存在 {"status_code":404,"error_code":"NOT_FOUND","details":null,"request_id":"77b1629772b9fa8c","client_ip":"::1","user_agent":"python-requests\/2.32.5"}
[2026-01-16 17:30:09.000000] ERROR: API路径不存在 {"status_code":404,"error_code":"NOT_FOUND","details":null,"request_id":"3324abb5ff323ac9","client_ip":"::1","user_agent":"python-requests\/2.32.5"}
[2026-01-16 17:30:19.000000] ERROR: API路径不存在 {"status_code":404,"error_code":"NOT_FOUND","details":null,"request_id":"0f78d507cd352aa2","client_ip":"::1","user_agent":"python-requests\/2.32.5"}
[2026-01-16 17:30:29.000000] ERROR: API路径不存在 {"status_code":404,"error_code":"NOT_FOUND","details":null,"request_id":"36e18608350476b6","client_ip":"::1","user_agent":"python-requests\/2.32.5"}
[2026-01-16 17:30:39.000000] ERROR: API路径不存在 {"status_code":404,"error_code":"NOT_FOUND","details":null,"request_id":"edc6f564a7a2e5b2","client_ip":"::1","user_agent":"python-requests\/2.32.5"}
[2026-01-16 17:30:50.000000] ERROR: API路径不存在 {"status_code":404,"error_code":"NOT_FOUND","details":null,"request_id":"6266e076f97f3af0","client_ip":"::1","user_agent":"python-requests\/2.32.5"}
[2026-01-16 17:31:00.000000] ERROR: API路径不存在 {"status_code":404,"error_code":"NOT_FOUND","details":null,"request_id":"9cf24e931b25bce2","client_ip":"::1","user_agent":"python-requests\/2.32.5"}
[2026-01-16 17:31:10.000000] ERROR: API路径不存在 {"status_code":404,"error_code":"NOT_FOUND","details":null,"request_id":"2d262d1e950e5bea","client_ip":"::1","user_agent":"python-requests\/2.32.5"}
[2026-01-16 17:31:20.000000] ERROR: API路径不存在 {"status_code":404,"error_code":"NOT_FOUND","details":null,"request_id":"03d3cae45d5ac1fc","client_ip":"::1","user_agent":"python-requests\/2.32.5"}
[2026-01-16 17:31:30.000000] ERROR: API路径不存在 {"status_code":404,"error_code":"NOT_FOUND","details":null,"request_id":"54df15cb1ccbc619","client_ip":"::1","user_agent":"python-requests\/2.32.5"}
[2026-01-16 17:31:40.000000] ERROR: API路径不存在 {"status_code":404,"error_code":"NOT_FOUND","details":null,"request_id":"fea8582e34dc54b8","client_ip":"::1","user_agent":"python-requests\/2.32.5"}
[2026-01-16 17:31:50.000000] ERROR: API路径不存在 {"status_code":404,"error_code":"NOT_FOUND","details":null,"request_id":"36b78af05037fa4c","client_ip":"::1","user_agent":"python-requests\/2.32.5"}
[2026-01-16 17:32:00.000000] ERROR: API路径不存在 {"status_code":404,"error_code":"NOT_FOUND","details":null,"request_id":"9d0eddb3136d2b66","client_ip":"::1","user_agent":"python-requests\/2.32.5"}
[2026-01-16 18:17:52.000000] ERROR: API路径不存在 {"status_code":404,"error_code":"NOT_FOUND","details":null,"request_id":"eb79c9dc2650baf1","client_ip":"::1","user_agent":"Mozilla\/5.0 (Windows NT 10.0; Win64; x64) AppleWebKit\/537.36 (KHTML, like Gecko) TraeCN\/1.104.3 Chrome\/138.0.7204.251 Electron\/37.6.1 Safari\/537.36"}
[2026-01-22 10:15:19.000000] ERROR: API路径不存在 {"status_code":404,"error_code":"NOT_FOUND","details":null,"request_id":"9225dbca9f1f4018","client_ip":"::1","user_agent":"Mozilla\/5.0 (Windows NT 10.0; Win64; x64) AppleWebKit\/537.36 (KHTML, like Gecko) TraeCN\/1.104.3 Chrome\/138.0.7204.251 Electron\/37.6.1 Safari\/537.36"}
[2026-01-22 10:15:40.000000] ERROR: API路径不存在 {"status_code":404,"error_code":"NOT_FOUND","details":null,"request_id":"8697d6f09a0e77c9","client_ip":"::1","user_agent":"Mozilla\/5.0 (Windows NT 10.0; Win64; x64) AppleWebKit\/537.36 (KHTML, like Gecko) TraeCN\/1.104.3 Chrome\/138.0.7204.251 Electron\/37.6.1 Safari\/537.36"}
[2026-01-22 10:16:15.000000] ERROR: API路径不存在 {"status_code":404,"error_code":"NOT_FOUND","details":null,"request_id":"79c80360247bc593","client_ip":"::1","user_agent":"Mozilla\/5.0 (Windows NT 10.0; Win64; x64) AppleWebKit\/537.36 (KHTML, like Gecko) TraeCN\/1.104.3 Chrome\/138.0.7204.251 Electron\/37.6.1 Safari\/537.36"}
[2026-01-22 10:20:06.000000] ERROR: API路径不存在 {"status_code":404,"error_code":"NOT_FOUND","details":null,"request_id":"cf968b132266183b","client_ip":"::1","user_agent":"Mozilla\/5.0 (Windows NT 10.0; Win64; x64) AppleWebKit\/537.36 (KHTML, like Gecko) TraeCN\/1.104.3 Chrome\/138.0.7204.251 Electron\/37.6.1 Safari\/537.36"}
[2026-01-22 10:20:25.000000] ERROR: API路径不存在 {"status_code":404,"error_code":"NOT_FOUND","details":null,"request_id":"684b71ba7d135732","client_ip":"::1","user_agent":"Mozilla\/5.0 (Windows NT 10.0; Win64; x64) AppleWebKit\/537.36 (KHTML, like Gecko) TraeCN\/1.104.3 Chrome\/138.0.7204.251 Electron\/37.6.1 Safari\/537.36"}
[2026-01-22 10:20:37.000000] ERROR: API路径不存在 {"status_code":404,"error_code":"NOT_FOUND","details":null,"request_id":"a0e8925bef1007cd","client_ip":"::1","user_agent":"Mozilla\/5.0 (Windows NT 10.0; Win64; x64) AppleWebKit\/537.36 (KHTML, like Gecko) TraeCN\/1.104.3 Chrome\/138.0.7204.251 Electron\/37.6.1 Safari\/537.36"}
